20230314	18:17:35	bed53259-6468-46c1-bcce-0778b9bef3ef	GET	/	undefined
20230314	18:17:35	6a377fb4-ea23-4520-b775-598bbe1ffa50	GET	/css/style.css	undefined
20230314	18:27:39	e4911634-5b31-4e0a-be99-ce8e791f3a7f	GET	/	undefined
20230314	18:27:39	26bc902e-bbda-4b27-8352-7d317962ae21	GET	/css/style.css	undefined
20230314	18:28:39	6f35fbb3-ef25-471d-9226-d2653ea50929	OPTIONS	/	https://www.google.com
20230314	18:28:39	1f4e32c1-d6b4-431d-a45d-ccfd0dba6d07	GET	/	https://www.google.com
20230314	18:29:06	59f0bf9d-9acb-4a1e-9e03-c51d4d94388f	OPTIONS	/	https://www.google.com
20230314	18:29:06	5536a9fe-c1a0-49da-89ba-06fca7dd051a	GET	/	https://www.google.com
20230314	18:29:11	ec6c2b43-daae-400d-b409-f6875b49f163	OPTIONS	/	https://www.google.com
20230314	18:29:11	1961865c-1207-464b-a6bb-8c2080322d5c	GET	/	https://www.google.com
20230314	18:29:48	da51d700-f247-426f-ab0e-fca2e6a46181	OPTIONS	/	https://www.google.com
20230314	18:29:48	4398baa6-8d95-4669-8ba2-d4b86955c2d6	GET	/	https://www.google.com
20230314	18:30:12	d16a31b2-28d7-4b2c-b2ed-cab191a737da	OPTIONS	/	https://www.google.com
20230314	18:30:12	1553db10-44d0-4899-a718-5d9b3844ae3f	GET	/	https://www.google.com
20230314	22:53:13	80497f09-1779-433e-9a40-9068eac8586b	GET	/	undefined
20230314	22:53:13	fd7c4f9d-20d9-4e89-a7a1-eeaa40355442	GET	/css/style.css	undefined
20230315	21:53:44	640715b7-8dba-45f8-adb8-5071620c5284	GET	/	undefined
20230315	21:53:44	4f6989c7-c521-4edf-9a55-56b9dd9a861c	GET	/css/style.css	undefined
20230315	21:53:47	143b265e-94bd-42ea-92e0-18647091570a	GET	/favicon.ico	undefined
20230315	22:37:20	5bf2cc4c-52fd-4325-a86b-38c18ee3ec10	GET	/admins	undefined
20230315	22:49:41	f07be925-a002-4810-ba05-24101ff1e9d6	GET	/admins	undefined
20230315	22:57:50	0146d53a-65e6-44c8-8a6e-318b8f13d652	POST	/admins	undefined
20230315	23:02:39	5365a955-cd41-47e3-acbf-c3754be7c411	POST	/admins	undefined
20230316	00:00:20	98e63711-f211-42d4-8b66-4f16be3d3d8e	POST	/admins	undefined
20230316	00:02:18	86a50034-a33c-425c-ada2-7dd2a81b5db3	GET	/admins	undefined
20230316	00:02:45	cec679de-e334-4291-9910-f445d22782c2	POST	/admins	undefined
20230316	00:04:41	86ed8187-a62a-4fbe-8814-45b111257643	GET	/admins	undefined
20230316	00:14:07	b2f70f20-d56e-4775-966c-41653f424bc3	POST	/admins	undefined
20230316	00:15:28	aa404f06-60b9-404a-988c-b5868f4147fa	POST	/admins	undefined
20230316	00:16:00	7caddabc-4950-4cd3-b89d-d49dfeba6db4	POST	/admins	undefined
20230316	00:16:08	7e6d3edf-b150-4961-afb7-0fafa10ff7ea	GET	/admins	undefined
20230316	00:34:02	a3e61a98-de89-4319-acb8-906054c1b7b3	POST	/admins	undefined
20230316	00:34:11	d2ec28ec-73ef-440d-be96-04fba61eec89	GET	/admins	undefined
20230316	00:40:53	c2357446-0fac-41dc-b9db-575c92b975c8	GET	/admins	undefined
20230316	00:41:59	79052d06-bf1d-4e11-a8c4-1d6bceef63c5	GET	/admins	undefined
20230316	00:45:42	b81668b4-4a11-49c5-b8f2-964ef821adc0	GET	/admins	undefined
20230316	00:46:23	c3f014f6-9fce-4c2d-ac4d-301717cf8040	GET	/admins	undefined
20230316	00:46:47	cff3e7c4-b524-4cd3-b360-a054164532ba	GET	/admins	undefined
20230316	00:47:24	ec131cd6-d860-449e-9f01-9b9947f39222	GET	/admins	undefined
20230316	00:47:54	e4899a04-5584-40df-a2fd-9c7b3d675b20	PATCH	/admins	undefined
20230316	00:48:05	46e00f0f-5870-47f8-867c-24b38e75fdac	GET	/admins	undefined
20230316	00:48:12	37b663c3-a024-492c-92f4-64284e3fac1e	GET	/admins	undefined
20230316	00:52:02	8639e3af-4bb6-4ab5-bfa1-4e72e212ba56	PATCH	/admins	undefined
20230316	00:52:18	cf73b841-d77f-43af-b9e1-8c5048ef506c	GET	/admins	undefined
20230316	00:52:55	2000f3ef-8e17-4738-9b05-288cbc365167	PATCH	/admins	undefined
20230316	00:53:08	32e21be3-9368-4ad0-b02c-df35e42cf2e4	PATCH	/admins	undefined
20230316	00:53:17	499e9fbc-ea03-4d4f-99fd-784fa8607300	PATCH	/admins	undefined
20230316	00:55:56	daef8175-c9bc-4dc0-b33f-dd3e839201b4	GET	/admins	undefined
20230316	00:56:24	048b35a2-ec77-41f1-a54f-ce06021aca4d	DELETE	/admins	undefined
20230316	00:56:38	0498a59f-5be3-4ed8-b5e2-6c8c208b5653	DELETE	/admins	undefined
20230316	00:56:44	b03f89d7-fa47-4974-b5ab-add53f982bc0	DELETE	/admins	undefined
20230316	00:56:56	3d8fa0cd-fb46-4d5a-ba84-a079f72b76e1	DELETE	/admins	undefined
20230316	00:56:59	108d91b9-387d-4ad1-a703-3d2414c4292d	DELETE	/admins	undefined
20230316	00:57:12	2a660f19-d2f1-48ac-94a9-7eb7f6f51a16	GET	/admins	undefined
20230316	00:58:04	66f4bac7-be3b-4855-8312-ae9b7a3fe9fd	DELETE	/admins	undefined
20230316	00:58:14	9d0873b4-c0ae-4f7d-8527-40ffea7a965c	DELETE	/admins	undefined
20230316	00:58:18	8d9d6d82-9c87-4f7f-a865-a79c777ca5ca	DELETE	/admins	undefined
20230316	00:58:28	c67df372-8bc3-48f2-bea8-18be0e02e15d	DELETE	/admins	undefined
20230316	00:58:36	fa4aea3d-2c30-4e80-8202-a7d8e3759716	GET	/admins	undefined
20230316	02:02:04	58b6e7d2-d465-41b2-88fa-ba56ddab185e	GET	/admins	undefined
20230316	02:02:09	ada1ea98-9139-478a-a320-721eb606e4e6	GET	/admins	undefined
20230316	02:02:38	0758bfee-0476-4699-af68-a26b24446075	POST	/admins	undefined
20230316	02:02:42	39331b07-ec49-423d-ae51-1ab0257d5a10	GET	/admins	undefined
20230316	12:44:50	6c2ec735-9ab3-4d4b-aed5-8ee1fb06c3de	GET	/admins	undefined
20230316	12:45:29	cc23d8ba-8b4d-4007-8a83-3b40e6e19f67	POST	/admins	undefined
20230316	12:45:35	5d7b9189-c71b-4a2c-b4f9-49dfcea42507	GET	/admins	undefined
20230316	12:46:08	4cc18288-f3dd-45d1-bd8d-a084b559bed1	PATCH	/admins	undefined
20230316	12:46:14	8d0e7338-1d9c-48e5-8fd6-d50e07837c94	GET	/admins	undefined
20230316	12:46:33	fdee2bac-b891-41b0-ac02-ad8db95d61d2	DELETE	/admins	undefined
20230316	12:46:40	2355f94b-2661-493b-b726-32412069eb1c	GET	/admins	undefined
20230316	13:01:52	8044687b-3049-4172-a822-f3492bebd7b6	GET	/admins	undefined
20230316	13:02:09	0d9a85aa-c91d-4148-8b1c-564ccb6f5ce2	PATCH	/admins	undefined
20230316	13:02:15	4556930e-5eb0-4abd-b77c-d26db8a9fa62	PATCH	/admins	undefined
20230316	13:02:22	e234df71-1d60-4eeb-8fc3-1bd1aa602f38	GET	/admins	undefined
20230316	13:19:25	cc55d425-4419-4802-bb29-acdc73617beb	GET	/players	undefined
20230316	13:20:13	e1859c4a-6780-412a-bd1f-07f7574630f7	GET	/players	undefined
20230316	22:01:50	791142e7-084f-4021-8f57-cfbad96174c4	POST	/admins	undefined
20230316	22:02:24	48d7b815-0931-4754-aad0-21f579bdf410	POST	/players	undefined
20230316	22:09:50	64136895-e842-46bd-b1ec-6832abc7dc06	POST	/players	undefined
20230316	22:11:18	87c56e8c-6ca6-4a6c-aeee-3bb337baf222	POST	/players	undefined
20230316	22:12:11	600eb856-28c7-4eda-a769-237ea052a0b7	POST	/players	undefined
20230316	22:14:03	26625ce1-1176-4483-a9c9-5dd747793668	POST	/players	undefined
20230316	23:26:08	b0314791-0481-4763-9290-46b65691762f	POST	/players	undefined
20230316	23:27:10	2ea1c5fe-b226-4e65-af26-45c483103f11	GET	/players	undefined
